2021-10-01 15:21:15,653 INFO org.springframework.data.repository.config.RepositoryConfigurationDelegate [main] Bootstrapping Spring Data JPA repositories in DEFAULT mode.
2021-10-01 15:21:15,749 INFO org.springframework.data.repository.config.RepositoryConfigurationDelegate [main] Finished Spring Data repository scanning in 73 ms. Found 1 JPA repository interfaces.
2021-10-01 15:21:16,926 INFO org.springframework.boot.web.embedded.tomcat.TomcatWebServer [main] Tomcat initialized with port(s): 8080 (http)
2021-10-01 15:21:17,191 INFO org.springframework.boot.web.servlet.context.ServletWebServerApplicationContext [main] Root WebApplicationContext: initialization completed in 3078 ms
2021-10-01 15:21:18,978 INFO org.springframework.orm.jpa.LocalContainerEntityManagerFactoryBean [main] Initialized JPA EntityManagerFactory for persistence unit 'default'
2021-10-01 15:21:19,580 WARN org.springframework.boot.autoconfigure.orm.jpa.JpaBaseConfiguration$JpaWebConfiguration [main] spring.jpa.open-in-view is enabled by default. Therefore, database queries may be performed during view rendering. Explicitly configure spring.jpa.open-in-view to disable this warning
2021-10-01 15:21:20,417 INFO org.springframework.security.web.DefaultSecurityFilterChain [main] Will secure Ant [pattern='/v1/payment/xendit/status/callback'] with []
2021-10-01 15:21:20,418 INFO org.springframework.security.web.DefaultSecurityFilterChain [main] Will secure Ant [pattern='/v1/payment/dana/status/callback'] with []
2021-10-01 15:21:20,419 INFO org.springframework.security.web.DefaultSecurityFilterChain [main] Will secure Ant [pattern='/v1/payment/linkaja/status/callback'] with []
2021-10-01 15:21:20,419 INFO org.springframework.security.web.DefaultSecurityFilterChain [main] Will secure Ant [pattern='/v1/payment/gopay/status/callback'] with []
2021-10-01 15:21:20,482 INFO org.springframework.security.web.DefaultSecurityFilterChain [main] Will secure any request with [org.springframework.security.web.context.request.async.WebAsyncManagerIntegrationFilter@2c7607e5, org.springframework.security.web.context.SecurityContextPersistenceFilter@129348e8, org.springframework.security.web.header.HeaderWriterFilter@66cb9a63, org.springframework.security.web.authentication.logout.LogoutFilter@c770b57, org.springframework.security.web.authentication.www.BasicAuthenticationFilter@5d56c2d2, org.springframework.security.web.savedrequest.RequestCacheAwareFilter@39a03ccc, org.springframework.security.web.servletapi.SecurityContextHolderAwareRequestFilter@42684d86, org.springframework.security.web.authentication.AnonymousAuthenticationFilter@533a27f8, org.springframework.security.web.session.SessionManagementFilter@7a482b3a, org.springframework.security.web.access.ExceptionTranslationFilter@bb1b872, org.springframework.security.web.access.intercept.FilterSecurityInterceptor@1e487d57]
2021-10-01 15:21:21,253 INFO org.springframework.boot.web.embedded.tomcat.TomcatWebServer [main] Tomcat started on port(s): 8080 (http) with context path ''
2021-10-01 15:21:21,571 INFO org.springframework.scheduling.quartz.SchedulerFactoryBean [main] Starting Quartz Scheduler now
2021-10-01 15:24:14,936 INFO org.springframework.web.servlet.DispatcherServlet [http-nio-8080-exec-4] Initializing Servlet 'dispatcherServlet'
2021-10-01 15:24:14,938 INFO org.springframework.web.servlet.DispatcherServlet [http-nio-8080-exec-4] Completed initialization in 2 ms
2021-10-01 15:24:21,335 WARN org.springframework.web.servlet.PageNotFound [http-nio-8080-exec-5] No mapping for GET /
2021-10-01 15:24:21,366 WARN org.springframework.web.servlet.PageNotFound [http-nio-8080-exec-10] No mapping for GET /csrf
2021-10-01 15:27:03,130 ERROR org.hibernate.engine.jdbc.spi.SqlExceptionHelper [http-nio-8080-exec-6] Table 'msn.user' doesn't exist
2021-10-01 15:27:38,761 INFO org.springframework.data.repository.config.RepositoryConfigurationDelegate [main] Bootstrapping Spring Data JPA repositories in DEFAULT mode.
2021-10-01 15:27:38,874 INFO org.springframework.data.repository.config.RepositoryConfigurationDelegate [main] Finished Spring Data repository scanning in 91 ms. Found 1 JPA repository interfaces.
2021-10-01 15:27:40,110 INFO org.springframework.boot.web.embedded.tomcat.TomcatWebServer [main] Tomcat initialized with port(s): 8080 (http)
2021-10-01 15:27:40,393 INFO org.springframework.boot.web.servlet.context.ServletWebServerApplicationContext [main] Root WebApplicationContext: initialization completed in 3611 ms
2021-10-01 15:27:42,673 INFO org.springframework.orm.jpa.LocalContainerEntityManagerFactoryBean [main] Initialized JPA EntityManagerFactory for persistence unit 'default'
2021-10-01 15:27:43,730 WARN org.springframework.boot.autoconfigure.orm.jpa.JpaBaseConfiguration$JpaWebConfiguration [main] spring.jpa.open-in-view is enabled by default. Therefore, database queries may be performed during view rendering. Explicitly configure spring.jpa.open-in-view to disable this warning
2021-10-01 15:27:44,712 INFO org.springframework.security.web.DefaultSecurityFilterChain [main] Will secure Ant [pattern='/v1/payment/xendit/status/callback'] with []
2021-10-01 15:27:44,713 INFO org.springframework.security.web.DefaultSecurityFilterChain [main] Will secure Ant [pattern='/v1/payment/dana/status/callback'] with []
2021-10-01 15:27:44,713 INFO org.springframework.security.web.DefaultSecurityFilterChain [main] Will secure Ant [pattern='/v1/payment/linkaja/status/callback'] with []
2021-10-01 15:27:44,714 INFO org.springframework.security.web.DefaultSecurityFilterChain [main] Will secure Ant [pattern='/v1/payment/gopay/status/callback'] with []
2021-10-01 15:27:44,782 INFO org.springframework.security.web.DefaultSecurityFilterChain [main] Will secure any request with [org.springframework.security.web.context.request.async.WebAsyncManagerIntegrationFilter@2c7607e5, org.springframework.security.web.context.SecurityContextPersistenceFilter@129348e8, org.springframework.security.web.header.HeaderWriterFilter@66cb9a63, org.springframework.security.web.authentication.logout.LogoutFilter@c770b57, org.springframework.security.web.authentication.www.BasicAuthenticationFilter@5d56c2d2, org.springframework.security.web.savedrequest.RequestCacheAwareFilter@39a03ccc, org.springframework.security.web.servletapi.SecurityContextHolderAwareRequestFilter@42684d86, org.springframework.security.web.authentication.AnonymousAuthenticationFilter@533a27f8, org.springframework.security.web.session.SessionManagementFilter@7a482b3a, org.springframework.security.web.access.ExceptionTranslationFilter@bb1b872, org.springframework.security.web.access.intercept.FilterSecurityInterceptor@1e487d57]
2021-10-01 15:27:45,883 INFO org.springframework.boot.web.embedded.tomcat.TomcatWebServer [main] Tomcat started on port(s): 8080 (http) with context path ''
2021-10-01 15:27:46,316 INFO org.springframework.scheduling.quartz.SchedulerFactoryBean [main] Starting Quartz Scheduler now
2021-10-01 15:27:56,411 INFO org.springframework.web.servlet.DispatcherServlet [http-nio-8080-exec-1] Initializing Servlet 'dispatcherServlet'
2021-10-01 15:27:56,413 INFO org.springframework.web.servlet.DispatcherServlet [http-nio-8080-exec-1] Completed initialization in 2 ms
2021-10-01 15:27:56,934 ERROR org.hibernate.engine.jdbc.spi.SqlExceptionHelper [http-nio-8080-exec-1] Table 'msn.user' doesn't exist
2021-10-01 15:28:55,691 INFO org.springframework.data.repository.config.RepositoryConfigurationDelegate [main] Bootstrapping Spring Data JPA repositories in DEFAULT mode.
2021-10-01 15:28:55,790 INFO org.springframework.data.repository.config.RepositoryConfigurationDelegate [main] Finished Spring Data repository scanning in 77 ms. Found 1 JPA repository interfaces.
2021-10-01 15:28:56,902 INFO org.springframework.boot.web.embedded.tomcat.TomcatWebServer [main] Tomcat initialized with port(s): 8080 (http)
2021-10-01 15:28:57,189 INFO org.springframework.boot.web.servlet.context.ServletWebServerApplicationContext [main] Root WebApplicationContext: initialization completed in 3021 ms
2021-10-01 15:28:59,261 INFO org.springframework.orm.jpa.LocalContainerEntityManagerFactoryBean [main] Initialized JPA EntityManagerFactory for persistence unit 'default'
2021-10-01 15:28:59,808 WARN org.springframework.boot.autoconfigure.orm.jpa.JpaBaseConfiguration$JpaWebConfiguration [main] spring.jpa.open-in-view is enabled by default. Therefore, database queries may be performed during view rendering. Explicitly configure spring.jpa.open-in-view to disable this warning
2021-10-01 15:29:00,618 INFO org.springframework.security.web.DefaultSecurityFilterChain [main] Will secure Ant [pattern='/v1/payment/xendit/status/callback'] with []
2021-10-01 15:29:00,618 INFO org.springframework.security.web.DefaultSecurityFilterChain [main] Will secure Ant [pattern='/v1/payment/dana/status/callback'] with []
2021-10-01 15:29:00,619 INFO org.springframework.security.web.DefaultSecurityFilterChain [main] Will secure Ant [pattern='/v1/payment/linkaja/status/callback'] with []
2021-10-01 15:29:00,620 INFO org.springframework.security.web.DefaultSecurityFilterChain [main] Will secure Ant [pattern='/v1/payment/gopay/status/callback'] with []
2021-10-01 15:29:00,689 INFO org.springframework.security.web.DefaultSecurityFilterChain [main] Will secure any request with [org.springframework.security.web.context.request.async.WebAsyncManagerIntegrationFilter@23adbd6b, org.springframework.security.web.context.SecurityContextPersistenceFilter@1529d534, org.springframework.security.web.header.HeaderWriterFilter@3f04fb07, org.springframework.security.web.authentication.logout.LogoutFilter@3a61d819, org.springframework.security.web.authentication.www.BasicAuthenticationFilter@6aed4a23, org.springframework.security.web.savedrequest.RequestCacheAwareFilter@3c5cb013, org.springframework.security.web.servletapi.SecurityContextHolderAwareRequestFilter@24fb8317, org.springframework.security.web.authentication.AnonymousAuthenticationFilter@11d0bff5, org.springframework.security.web.session.SessionManagementFilter@34525143, org.springframework.security.web.access.ExceptionTranslationFilter@43d84df1, org.springframework.security.web.access.intercept.FilterSecurityInterceptor@45f70f68]
2021-10-01 15:29:01,364 INFO org.springframework.boot.web.embedded.tomcat.TomcatWebServer [main] Tomcat started on port(s): 8080 (http) with context path ''
2021-10-01 15:29:01,654 INFO org.springframework.scheduling.quartz.SchedulerFactoryBean [main] Starting Quartz Scheduler now
2021-10-01 15:29:27,155 INFO org.springframework.web.servlet.DispatcherServlet [http-nio-8080-exec-1] Initializing Servlet 'dispatcherServlet'
2021-10-01 15:29:27,156 INFO org.springframework.web.servlet.DispatcherServlet [http-nio-8080-exec-1] Completed initialization in 1 ms
2021-10-01 15:31:57,517 INFO org.springframework.data.repository.config.RepositoryConfigurationDelegate [main] Bootstrapping Spring Data JPA repositories in DEFAULT mode.
2021-10-01 15:31:57,615 INFO org.springframework.data.repository.config.RepositoryConfigurationDelegate [main] Finished Spring Data repository scanning in 79 ms. Found 1 JPA repository interfaces.
2021-10-01 15:31:58,828 INFO org.springframework.boot.web.embedded.tomcat.TomcatWebServer [main] Tomcat initialized with port(s): 8080 (http)
2021-10-01 15:31:59,071 INFO org.springframework.boot.web.servlet.context.ServletWebServerApplicationContext [main] Root WebApplicationContext: initialization completed in 3060 ms
2021-10-01 15:32:00,985 INFO org.springframework.orm.jpa.LocalContainerEntityManagerFactoryBean [main] Initialized JPA EntityManagerFactory for persistence unit 'default'
2021-10-01 15:32:01,499 WARN org.springframework.boot.autoconfigure.orm.jpa.JpaBaseConfiguration$JpaWebConfiguration [main] spring.jpa.open-in-view is enabled by default. Therefore, database queries may be performed during view rendering. Explicitly configure spring.jpa.open-in-view to disable this warning
2021-10-01 15:32:02,237 INFO org.springframework.security.web.DefaultSecurityFilterChain [main] Will secure Ant [pattern='/v1/payment/xendit/status/callback'] with []
2021-10-01 15:32:02,238 INFO org.springframework.security.web.DefaultSecurityFilterChain [main] Will secure Ant [pattern='/v1/payment/dana/status/callback'] with []
2021-10-01 15:32:02,239 INFO org.springframework.security.web.DefaultSecurityFilterChain [main] Will secure Ant [pattern='/v1/payment/linkaja/status/callback'] with []
2021-10-01 15:32:02,239 INFO org.springframework.security.web.DefaultSecurityFilterChain [main] Will secure Ant [pattern='/v1/payment/gopay/status/callback'] with []
2021-10-01 15:32:02,286 INFO org.springframework.security.web.DefaultSecurityFilterChain [main] Will secure any request with [org.springframework.security.web.context.request.async.WebAsyncManagerIntegrationFilter@5eadc347, org.springframework.security.web.context.SecurityContextPersistenceFilter@40dc2ade, org.springframework.security.web.header.HeaderWriterFilter@4f836d9, org.springframework.security.web.authentication.logout.LogoutFilter@57063e08, org.springframework.security.web.authentication.www.BasicAuthenticationFilter@451f3f66, org.springframework.security.web.savedrequest.RequestCacheAwareFilter@30d2f9ea, org.springframework.security.web.servletapi.SecurityContextHolderAwareRequestFilter@7ec176da, org.springframework.security.web.authentication.AnonymousAuthenticationFilter@28b16193, org.springframework.security.web.session.SessionManagementFilter@3d8b9dee, org.springframework.security.web.access.ExceptionTranslationFilter@32675dd4, org.springframework.security.web.access.intercept.FilterSecurityInterceptor@53dd29e0]
2021-10-01 15:32:02,923 INFO org.springframework.boot.web.embedded.tomcat.TomcatWebServer [main] Tomcat started on port(s): 8080 (http) with context path ''
2021-10-01 15:32:03,210 INFO org.springframework.scheduling.quartz.SchedulerFactoryBean [main] Starting Quartz Scheduler now
2021-10-01 15:32:16,109 INFO org.springframework.web.servlet.DispatcherServlet [http-nio-8080-exec-1] Initializing Servlet 'dispatcherServlet'
2021-10-01 15:32:16,111 INFO org.springframework.web.servlet.DispatcherServlet [http-nio-8080-exec-1] Completed initialization in 2 ms
2021-10-01 15:36:06,173 INFO org.springframework.data.repository.config.RepositoryConfigurationDelegate [main] Bootstrapping Spring Data JPA repositories in DEFAULT mode.
2021-10-01 15:36:06,264 INFO org.springframework.data.repository.config.RepositoryConfigurationDelegate [main] Finished Spring Data repository scanning in 75 ms. Found 1 JPA repository interfaces.
2021-10-01 15:36:07,345 INFO org.springframework.boot.web.embedded.tomcat.TomcatWebServer [main] Tomcat initialized with port(s): 8080 (http)
2021-10-01 15:36:07,639 INFO org.springframework.boot.web.servlet.context.ServletWebServerApplicationContext [main] Root WebApplicationContext: initialization completed in 2887 ms
2021-10-01 15:36:09,939 INFO org.springframework.orm.jpa.LocalContainerEntityManagerFactoryBean [main] Initialized JPA EntityManagerFactory for persistence unit 'default'
2021-10-01 15:36:10,490 WARN org.springframework.boot.autoconfigure.orm.jpa.JpaBaseConfiguration$JpaWebConfiguration [main] spring.jpa.open-in-view is enabled by default. Therefore, database queries may be performed during view rendering. Explicitly configure spring.jpa.open-in-view to disable this warning
2021-10-01 15:36:11,264 INFO org.springframework.security.web.DefaultSecurityFilterChain [main] Will secure Ant [pattern='/v1/payment/xendit/status/callback'] with []
2021-10-01 15:36:11,265 INFO org.springframework.security.web.DefaultSecurityFilterChain [main] Will secure Ant [pattern='/v1/payment/dana/status/callback'] with []
2021-10-01 15:36:11,266 INFO org.springframework.security.web.DefaultSecurityFilterChain [main] Will secure Ant [pattern='/v1/payment/linkaja/status/callback'] with []
2021-10-01 15:36:11,267 INFO org.springframework.security.web.DefaultSecurityFilterChain [main] Will secure Ant [pattern='/v1/payment/gopay/status/callback'] with []
2021-10-01 15:36:11,326 INFO org.springframework.security.web.DefaultSecurityFilterChain [main] Will secure any request with [org.springframework.security.web.context.request.async.WebAsyncManagerIntegrationFilter@28b16193, org.springframework.security.web.context.SecurityContextPersistenceFilter@51d76ad3, org.springframework.security.web.header.HeaderWriterFilter@2a4f1bc5, org.springframework.security.web.authentication.logout.LogoutFilter@6afb240d, org.springframework.security.web.authentication.www.BasicAuthenticationFilter@5d1eb214, org.springframework.security.web.savedrequest.RequestCacheAwareFilter@1bca9b64, org.springframework.security.web.servletapi.SecurityContextHolderAwareRequestFilter@33d2f9d3, org.springframework.security.web.authentication.AnonymousAuthenticationFilter@78e34499, org.springframework.security.web.session.SessionManagementFilter@45cddfd3, org.springframework.security.web.access.ExceptionTranslationFilter@2351255a, org.springframework.security.web.access.intercept.FilterSecurityInterceptor@3733b1f4]
2021-10-01 15:36:12,010 INFO org.springframework.boot.web.embedded.tomcat.TomcatWebServer [main] Tomcat started on port(s): 8080 (http) with context path ''
2021-10-01 15:36:12,328 INFO org.springframework.scheduling.quartz.SchedulerFactoryBean [main] Starting Quartz Scheduler now
2021-10-01 15:36:34,486 INFO org.springframework.data.repository.config.RepositoryConfigurationDelegate [main] Bootstrapping Spring Data JPA repositories in DEFAULT mode.
2021-10-01 15:36:34,588 INFO org.springframework.data.repository.config.RepositoryConfigurationDelegate [main] Finished Spring Data repository scanning in 79 ms. Found 1 JPA repository interfaces.
2021-10-01 15:36:35,718 INFO org.springframework.boot.web.embedded.tomcat.TomcatWebServer [main] Tomcat initialized with port(s): 8080 (http)
2021-10-01 15:36:35,994 INFO org.springframework.boot.web.servlet.context.ServletWebServerApplicationContext [main] Root WebApplicationContext: initialization completed in 3030 ms
2021-10-01 15:36:38,115 INFO org.springframework.orm.jpa.LocalContainerEntityManagerFactoryBean [main] Initialized JPA EntityManagerFactory for persistence unit 'default'
2021-10-01 15:36:38,703 WARN org.springframework.boot.autoconfigure.orm.jpa.JpaBaseConfiguration$JpaWebConfiguration [main] spring.jpa.open-in-view is enabled by default. Therefore, database queries may be performed during view rendering. Explicitly configure spring.jpa.open-in-view to disable this warning
2021-10-01 15:36:39,472 INFO org.springframework.security.web.DefaultSecurityFilterChain [main] Will secure Ant [pattern='/v1/payment/xendit/status/callback'] with []
2021-10-01 15:36:39,473 INFO org.springframework.security.web.DefaultSecurityFilterChain [main] Will secure Ant [pattern='/v1/payment/dana/status/callback'] with []
2021-10-01 15:36:39,474 INFO org.springframework.security.web.DefaultSecurityFilterChain [main] Will secure Ant [pattern='/v1/payment/linkaja/status/callback'] with []
2021-10-01 15:36:39,474 INFO org.springframework.security.web.DefaultSecurityFilterChain [main] Will secure Ant [pattern='/v1/payment/gopay/status/callback'] with []
2021-10-01 15:36:39,528 INFO org.springframework.security.web.DefaultSecurityFilterChain [main] Will secure any request with [org.springframework.security.web.context.request.async.WebAsyncManagerIntegrationFilter@5eadc347, org.springframework.security.web.context.SecurityContextPersistenceFilter@40dc2ade, org.springframework.security.web.header.HeaderWriterFilter@4f836d9, org.springframework.security.web.authentication.logout.LogoutFilter@57063e08, org.springframework.security.web.authentication.www.BasicAuthenticationFilter@451f3f66, org.springframework.security.web.savedrequest.RequestCacheAwareFilter@30d2f9ea, org.springframework.security.web.servletapi.SecurityContextHolderAwareRequestFilter@7ec176da, org.springframework.security.web.authentication.AnonymousAuthenticationFilter@28b16193, org.springframework.security.web.session.SessionManagementFilter@3d8b9dee, org.springframework.security.web.access.ExceptionTranslationFilter@32675dd4, org.springframework.security.web.access.intercept.FilterSecurityInterceptor@53dd29e0]
2021-10-01 15:36:40,238 INFO org.springframework.boot.web.embedded.tomcat.TomcatWebServer [main] Tomcat started on port(s): 8080 (http) with context path ''
2021-10-01 15:36:40,576 INFO org.springframework.scheduling.quartz.SchedulerFactoryBean [main] Starting Quartz Scheduler now
2021-10-01 15:36:50,396 INFO org.springframework.web.servlet.DispatcherServlet [http-nio-8080-exec-1] Initializing Servlet 'dispatcherServlet'
2021-10-01 15:36:50,397 INFO org.springframework.web.servlet.DispatcherServlet [http-nio-8080-exec-1] Completed initialization in 1 ms
2021-10-01 15:57:41,073 INFO org.springframework.data.repository.config.RepositoryConfigurationDelegate [main] Bootstrapping Spring Data JPA repositories in DEFAULT mode.
2021-10-01 15:57:41,171 INFO org.springframework.data.repository.config.RepositoryConfigurationDelegate [main] Finished Spring Data repository scanning in 77 ms. Found 1 JPA repository interfaces.
2021-10-01 15:57:42,281 INFO org.springframework.boot.web.embedded.tomcat.TomcatWebServer [main] Tomcat initialized with port(s): 8080 (http)
2021-10-01 15:57:42,556 INFO org.springframework.boot.web.servlet.context.ServletWebServerApplicationContext [main] Root WebApplicationContext: initialization completed in 3016 ms
2021-10-01 15:57:44,437 INFO org.springframework.orm.jpa.LocalContainerEntityManagerFactoryBean [main] Initialized JPA EntityManagerFactory for persistence unit 'default'
2021-10-01 15:57:45,040 WARN org.springframework.boot.autoconfigure.orm.jpa.JpaBaseConfiguration$JpaWebConfiguration [main] spring.jpa.open-in-view is enabled by default. Therefore, database queries may be performed during view rendering. Explicitly configure spring.jpa.open-in-view to disable this warning
2021-10-01 15:57:45,850 INFO org.springframework.security.web.DefaultSecurityFilterChain [main] Will secure Ant [pattern='/v1/payment/xendit/status/callback'] with []
2021-10-01 15:57:45,851 INFO org.springframework.security.web.DefaultSecurityFilterChain [main] Will secure Ant [pattern='/v1/payment/dana/status/callback'] with []
2021-10-01 15:57:45,851 INFO org.springframework.security.web.DefaultSecurityFilterChain [main] Will secure Ant [pattern='/v1/payment/linkaja/status/callback'] with []
2021-10-01 15:57:45,852 INFO org.springframework.security.web.DefaultSecurityFilterChain [main] Will secure Ant [pattern='/v1/payment/gopay/status/callback'] with []
2021-10-01 15:57:45,918 INFO org.springframework.security.web.DefaultSecurityFilterChain [main] Will secure any request with [org.springframework.security.web.context.request.async.WebAsyncManagerIntegrationFilter@44181746, org.springframework.security.web.context.SecurityContextPersistenceFilter@2351255a, org.springframework.security.web.header.HeaderWriterFilter@1a22325d, org.springframework.security.web.authentication.logout.LogoutFilter@40b678b3, org.springframework.security.web.authentication.www.BasicAuthenticationFilter@574134ba, org.springframework.security.web.savedrequest.RequestCacheAwareFilter@2a4f1bc5, org.springframework.security.web.servletapi.SecurityContextHolderAwareRequestFilter@7621c3f7, org.springframework.security.web.authentication.AnonymousAuthenticationFilter@21fa19e4, org.springframework.security.web.session.SessionManagementFilter@4a7c8cb7, org.springframework.security.web.access.ExceptionTranslationFilter@126e2710, org.springframework.security.web.access.intercept.FilterSecurityInterceptor@d6879bf]
2021-10-01 15:57:46,628 INFO org.springframework.boot.web.embedded.tomcat.TomcatWebServer [main] Tomcat started on port(s): 8080 (http) with context path ''
2021-10-01 15:57:46,956 INFO org.springframework.scheduling.quartz.SchedulerFactoryBean [main] Starting Quartz Scheduler now
2021-10-01 15:58:02,866 INFO org.springframework.web.servlet.DispatcherServlet [http-nio-8080-exec-1] Initializing Servlet 'dispatcherServlet'
2021-10-01 15:58:02,868 INFO org.springframework.web.servlet.DispatcherServlet [http-nio-8080-exec-1] Completed initialization in 1 ms
2021-10-01 16:01:41,806 INFO org.springframework.data.repository.config.RepositoryConfigurationDelegate [main] Bootstrapping Spring Data JPA repositories in DEFAULT mode.
2021-10-01 16:01:41,910 INFO org.springframework.data.repository.config.RepositoryConfigurationDelegate [main] Finished Spring Data repository scanning in 82 ms. Found 1 JPA repository interfaces.
2021-10-01 16:01:43,013 INFO org.springframework.boot.web.embedded.tomcat.TomcatWebServer [main] Tomcat initialized with port(s): 8080 (http)
2021-10-01 16:01:43,284 INFO org.springframework.boot.web.servlet.context.ServletWebServerApplicationContext [main] Root WebApplicationContext: initialization completed in 2993 ms
2021-10-01 16:01:45,278 INFO org.springframework.orm.jpa.LocalContainerEntityManagerFactoryBean [main] Initialized JPA EntityManagerFactory for persistence unit 'default'
2021-10-01 16:01:45,896 WARN org.springframework.boot.autoconfigure.orm.jpa.JpaBaseConfiguration$JpaWebConfiguration [main] spring.jpa.open-in-view is enabled by default. Therefore, database queries may be performed during view rendering. Explicitly configure spring.jpa.open-in-view to disable this warning
2021-10-01 16:01:46,715 INFO org.springframework.security.web.DefaultSecurityFilterChain [main] Will secure Ant [pattern='/v1/payment/xendit/status/callback'] with []
2021-10-01 16:01:46,716 INFO org.springframework.security.web.DefaultSecurityFilterChain [main] Will secure Ant [pattern='/v1/payment/dana/status/callback'] with []
2021-10-01 16:01:46,716 INFO org.springframework.security.web.DefaultSecurityFilterChain [main] Will secure Ant [pattern='/v1/payment/linkaja/status/callback'] with []
2021-10-01 16:01:46,717 INFO org.springframework.security.web.DefaultSecurityFilterChain [main] Will secure Ant [pattern='/v1/payment/gopay/status/callback'] with []
2021-10-01 16:01:46,779 INFO org.springframework.security.web.DefaultSecurityFilterChain [main] Will secure any request with [org.springframework.security.web.context.request.async.WebAsyncManagerIntegrationFilter@36a8ebca, org.springframework.security.web.context.SecurityContextPersistenceFilter@224e7aa5, org.springframework.security.web.header.HeaderWriterFilter@432b883, org.springframework.security.web.authentication.logout.LogoutFilter@5cca5ff3, org.springframework.security.web.authentication.www.BasicAuthenticationFilter@272f5373, org.springframework.security.web.savedrequest.RequestCacheAwareFilter@4d145177, org.springframework.security.web.servletapi.SecurityContextHolderAwareRequestFilter@3d8b9dee, org.springframework.security.web.authentication.AnonymousAuthenticationFilter@328e687e, org.springframework.security.web.session.SessionManagementFilter@4f836d9, org.springframework.security.web.access.ExceptionTranslationFilter@3c5cb013, org.springframework.security.web.access.intercept.FilterSecurityInterceptor@f73a7cf]
2021-10-01 16:01:47,471 INFO org.springframework.boot.web.embedded.tomcat.TomcatWebServer [main] Tomcat started on port(s): 8080 (http) with context path ''
2021-10-01 16:01:47,793 INFO org.springframework.scheduling.quartz.SchedulerFactoryBean [main] Starting Quartz Scheduler now
2021-10-01 16:01:52,391 INFO org.springframework.web.servlet.DispatcherServlet [http-nio-8080-exec-1] Initializing Servlet 'dispatcherServlet'
2021-10-01 16:01:52,393 INFO org.springframework.web.servlet.DispatcherServlet [http-nio-8080-exec-1] Completed initialization in 1 ms
