2021-10-01 22:18:38.772  INFO 12304 --- [main] com.msn.riyad.RiyadApplication           : Starting RiyadApplication using Java 16.0.1 on LAPTOP-GKV7MAH7 with PID 12304 (C:\Users\User\Documents\NetBeansProjects\riyad\target\classes started by User in C:\Users\User\Documents\NetBeansProjects\riyad)
2021-10-01 22:18:38.775  INFO 12304 --- [main] com.msn.riyad.RiyadApplication           : No active profile set, falling back to default profiles: default
2021-10-01 22:18:40.222  INFO 12304 --- [main] .s.d.r.c.RepositoryConfigurationDelegate : Bootstrapping Spring Data JPA repositories in DEFAULT mode.
2021-10-01 22:18:40.372  INFO 12304 --- [main] .s.d.r.c.RepositoryConfigurationDelegate : Finished Spring Data repository scanning in 106 ms. Found 1 JPA repository interfaces.
2021-10-01 22:18:41.604  INFO 12304 --- [main] o.s.b.w.embedded.tomcat.TomcatWebServer  : Tomcat initialized with port(s): 8080 (http)
2021-10-01 22:18:41.629  INFO 12304 --- [main] o.apache.catalina.core.StandardService   : Starting service [Tomcat]
2021-10-01 22:18:41.630  INFO 12304 --- [main] org.apache.catalina.core.StandardEngine  : Starting Servlet engine: [Apache Tomcat/9.0.53]
2021-10-01 22:18:41.804  INFO 12304 --- [main] o.a.c.c.C.[Tomcat].[localhost].[/]       : Initializing Spring embedded WebApplicationContext
2021-10-01 22:18:41.807  INFO 12304 --- [main] w.s.c.ServletWebServerApplicationContext : Root WebApplicationContext: initialization completed in 2957 ms
2021-10-01 22:18:42.121  INFO 12304 --- [main] o.hibernate.jpa.internal.util.LogHelper  : HHH000204: Processing PersistenceUnitInfo [name: default]
2021-10-01 22:18:42.185  INFO 12304 --- [main] org.hibernate.Version                    : HHH000412: Hibernate ORM core version 5.4.32.Final
2021-10-01 22:18:42.398  INFO 12304 --- [main] o.hibernate.annotations.common.Version   : HCANN000001: Hibernate Commons Annotations {5.1.2.Final}
2021-10-01 22:18:42.541  INFO 12304 --- [main] com.zaxxer.hikari.HikariDataSource       : HikariPool-1 - Starting...
2021-10-01 22:18:42.782  INFO 12304 --- [main] com.zaxxer.hikari.HikariDataSource       : HikariPool-1 - Start completed.
2021-10-01 22:18:42.820  INFO 12304 --- [main] org.hibernate.dialect.Dialect            : HHH000400: Using dialect: org.hibernate.dialect.MySQL55Dialect
2021-10-01 22:18:43.510  INFO 12304 --- [main] o.h.e.t.j.p.i.JtaPlatformInitiator       : HHH000490: Using JtaPlatform implementation: [org.hibernate.engine.transaction.jta.platform.internal.NoJtaPlatform]
2021-10-01 22:18:43.520  INFO 12304 --- [main] j.LocalContainerEntityManagerFactoryBean : Initialized JPA EntityManagerFactory for persistence unit 'default'
2021-10-01 22:18:44.070  WARN 12304 --- [main] JpaBaseConfiguration$JpaWebConfiguration : spring.jpa.open-in-view is enabled by default. Therefore, database queries may be performed during view rendering. Explicitly configure spring.jpa.open-in-view to disable this warning
2021-10-01 22:18:44.728  INFO 12304 --- [main] com.msn.riyad.user.util.SchedulerConfig  : simpleJobTrigger
2021-10-01 22:18:44.746  INFO 12304 --- [main] com.msn.riyad.user.util.SchedulerConfig  : 

>>>> Starting Jobs.... 


2021-10-01 22:18:44.775  INFO 12304 --- [main] org.quartz.impl.StdSchedulerFactory      : Using default implementation for ThreadExecutor
2021-10-01 22:18:44.791  INFO 12304 --- [main] org.quartz.core.SchedulerSignalerImpl    : Initialized Scheduler Signaller of type: class org.quartz.core.SchedulerSignalerImpl
2021-10-01 22:18:44.792  INFO 12304 --- [main] org.quartz.core.QuartzScheduler          : Quartz Scheduler v.2.3.2 created.
2021-10-01 22:18:44.792  INFO 12304 --- [main] org.quartz.simpl.RAMJobStore             : RAMJobStore initialized.
2021-10-01 22:18:44.794  INFO 12304 --- [main] org.quartz.core.QuartzScheduler          : Scheduler meta-data: Quartz Scheduler (v2.3.2) 'msn-api-quartz-job' with instanceId 'msn-instance-1'
  Scheduler class: 'org.quartz.core.QuartzScheduler' - running locally.
  NOT STARTED.
  Currently in standby mode.
  Number of jobs executed: 0
  Using thread pool 'org.quartz.simpl.SimpleThreadPool' - with 5 threads.
  Using job-store 'org.quartz.simpl.RAMJobStore' - which does not support persistence. and is not clustered.

2021-10-01 22:18:44.795  INFO 12304 --- [main] org.quartz.impl.StdSchedulerFactory      : Quartz scheduler 'msn-api-quartz-job' initialized from an externally provided properties instance.
2021-10-01 22:18:44.795  INFO 12304 --- [main] org.quartz.impl.StdSchedulerFactory      : Quartz scheduler version: 2.3.2
2021-10-01 22:18:44.795  INFO 12304 --- [main] org.quartz.core.QuartzScheduler          : JobFactory set to: com.msn.riyad.user.util.AutowiringSpringBeanJobFactory@477e5b69
2021-10-01 22:18:44.977  INFO 12304 --- [main] o.s.s.web.DefaultSecurityFilterChain     : Will secure any request with [org.springframework.security.web.context.request.async.WebAsyncManagerIntegrationFilter@4ef10d3b, org.springframework.security.web.context.SecurityContextPersistenceFilter@5b53c3c5, org.springframework.security.web.header.HeaderWriterFilter@31921151, org.springframework.security.web.authentication.logout.LogoutFilter@7db70494, org.springframework.security.web.authentication.www.BasicAuthenticationFilter@1443539, org.springframework.security.web.savedrequest.RequestCacheAwareFilter@65dd2191, org.springframework.security.web.servletapi.SecurityContextHolderAwareRequestFilter@60739eca, org.springframework.security.web.authentication.AnonymousAuthenticationFilter@749ffdc7, org.springframework.security.web.session.SessionManagementFilter@3ec98000, org.springframework.security.web.access.ExceptionTranslationFilter@1c7fd2e0, org.springframework.security.web.access.intercept.FilterSecurityInterceptor@414d466e]
2021-10-01 22:18:45.019  INFO 12304 --- [main] pertySourcedRequestMappingHandlerMapping : Mapped URL path [/v2/api-docs] onto method [springfox.documentation.swagger2.web.Swagger2Controller#getDocumentation(String, HttpServletRequest)]
2021-10-01 22:18:45.511  INFO 12304 --- [main] o.s.b.w.embedded.tomcat.TomcatWebServer  : Tomcat started on port(s): 8080 (http) with context path ''
2021-10-01 22:18:45.512  INFO 12304 --- [main] d.s.w.p.DocumentationPluginsBootstrapper : Context refreshed
2021-10-01 22:18:45.542  INFO 12304 --- [main] d.s.w.p.DocumentationPluginsBootstrapper : Found 1 custom documentation plugin(s)
2021-10-01 22:18:45.589  INFO 12304 --- [main] s.d.s.w.s.ApiListingReferenceScanner     : Scanning for api listing references
2021-10-01 22:18:45.771  INFO 12304 --- [main] o.s.s.quartz.SchedulerFactoryBean        : Starting Quartz Scheduler now
2021-10-01 22:18:45.771  INFO 12304 --- [main] org.quartz.core.QuartzScheduler          : Scheduler msn-api-quartz-job_$_msn-instance-1 started.
2021-10-01 22:18:45.780  INFO 12304 --- [msn-api-quartz-job_Worker-1] c.m.r.u.service.UserServiceImplements    : ======== START CustomerServiceImpl.job()
2021-10-01 22:18:45.783  INFO 12304 --- [main] com.msn.riyad.RiyadApplication           : Started RiyadApplication in 7.557 seconds (JVM running for 8.081)
